0 info it worked if it ends with ok
1 verbose cli [ '/usr/bin/nodejs',
1 verbose cli   '/usr/bin/npm',
1 verbose cli   'install',
1 verbose cli   'gulp-gh-pages:last' ]
2 info using npm@1.3.10
3 info using node@v0.10.25
4 warn package.json bolao@0.0.0 No description
5 warn package.json bolao@0.0.0 No repository field.
6 warn package.json bolao@0.0.0 No README data
7 verbose readDependencies using package.json deps
8 verbose cache add [ 'gulp-gh-pages:last', null ]
9 verbose cache add name=undefined spec="gulp-gh-pages:last" args=["gulp-gh-pages:last",null]
10 verbose parsed url { protocol: 'gulp-gh-pages:',
10 verbose parsed url   slashes: null,
10 verbose parsed url   auth: null,
10 verbose parsed url   host: 'last',
10 verbose parsed url   port: null,
10 verbose parsed url   hostname: 'last',
10 verbose parsed url   hash: null,
10 verbose parsed url   search: null,
10 verbose parsed url   query: null,
10 verbose parsed url   pathname: null,
10 verbose parsed url   path: null,
10 verbose parsed url   href: 'gulp-gh-pages:last' }
11 silly lockFile a27dd56f-gulp-gh-pages-last gulp-gh-pages:last
12 verbose lock gulp-gh-pages:last /home/aruntu/.npm/a27dd56f-gulp-gh-pages-last.lock
13 silly lockFile a27dd56f-gulp-gh-pages-last gulp-gh-pages:last
14 silly lockFile a27dd56f-gulp-gh-pages-last gulp-gh-pages:last
15 verbose addNamed [ 'gulp-gh-pages:last', '' ]
16 verbose addNamed [ null, '*' ]
17 silly lockFile 055daee3-gulp-gh-pages-last gulp-gh-pages:last@
18 verbose lock gulp-gh-pages:last@ /home/aruntu/.npm/055daee3-gulp-gh-pages-last.lock
19 silly addNameRange { name: 'gulp-gh-pages:last', range: '*', hasData: false }
20 verbose url raw gulp-gh-pages:last
21 verbose url resolving [ 'https://registry.npmjs.org/', './gulp-gh-pages%3Alast' ]
22 verbose url resolved https://registry.npmjs.org/gulp-gh-pages%3Alast
23 info trying registry request attempt 1 at 15:47:57
24 http GET https://registry.npmjs.org/gulp-gh-pages%3Alast
25 http 404 https://registry.npmjs.org/gulp-gh-pages%3Alast
26 silly registry.get cb [ 404,
26 silly registry.get   { 'content-type': 'application/json',
26 silly registry.get     'cache-control': 'max-age=0',
26 silly registry.get     'content-length': '2',
26 silly registry.get     'accept-ranges': 'bytes',
26 silly registry.get     date: 'Tue, 20 Oct 2015 17:47:59 GMT',
26 silly registry.get     via: '1.1 varnish',
26 silly registry.get     age: '0',
26 silly registry.get     connection: 'keep-alive',
26 silly registry.get     'x-served-by': 'cache-jfk1022-JFK',
26 silly registry.get     'x-cache': 'MISS',
26 silly registry.get     'x-cache-hits': '0',
26 silly registry.get     'x-timer': 'S1445363278.956022,VS0,VE93' } ]
27 silly addNameRange number 2 { name: 'gulp-gh-pages:last', range: '*', hasData: true }
28 silly addNameRange versions [ undefined, [] ]
29 error TypeError: Cannot read property 'latest' of undefined
29 error     at next (/usr/share/npm/lib/cache.js:687:35)
29 error     at /usr/share/npm/lib/cache.js:675:5
29 error     at saved (/usr/share/npm/node_modules/npm-registry-client/lib/get.js:142:7)
29 error     at /usr/lib/nodejs/graceful-fs/polyfills.js:133:7
29 error     at Object.oncomplete (fs.js:107:15)
30 error If you need help, you may report this log at:
30 error     <http://github.com/isaacs/npm/issues>
30 error or email it to:
30 error     <npm-@googlegroups.com>
31 error System Linux 3.4.107-cubietruck
32 error command "/usr/bin/nodejs" "/usr/bin/npm" "install" "gulp-gh-pages:last"
33 error cwd /home/aruntu/bolao-angularjs
34 error node -v v0.10.25
35 error npm -v 1.3.10
36 error type non_object_property_load
37 verbose exit [ 1, true ]
